<?xml version="1.0" encoding="UTF-8"?>
<testsuite xmlns:xsi="http://www.w3.org/2001/XMLSchema-instance" xsi:noNamespaceSchemaLocation="https://maven.apache.org/surefire/maven-surefire-plugin/xsd/surefire-test-report-3.0.xsd" version="3.0" name="com.nonsense.ToxicityValidator.ToxicityValidatorTest" time="3.966" tests="3" errors="0" skipped="0" failures="0">
  <properties>
    <property name="java.specification.version" value="21"/>
    <property name="sun.cpu.isalist" value="amd64"/>
    <property name="sun.jnu.encoding" value="Cp1252"/>
    <property name="java.class.path" value="C:\Users\aless\OneDrive\Desktop\NonSenseGeneratorFinale\nonsense\target\test-classes;C:\Users\aless\OneDrive\Desktop\NonSenseGeneratorFinale\nonsense\target\classes;C:\Users\aless\.m2\repository\com\google\cloud\google-cloud-language\2.63.0\google-cloud-language-2.63.0.jar;C:\Users\aless\.m2\repository\io\grpc\grpc-api\1.70.0\grpc-api-1.70.0.jar;C:\Users\aless\.m2\repository\com\google\code\findbugs\jsr305\3.0.2\jsr305-3.0.2.jar;C:\Users\aless\.m2\repository\com\google\errorprone\error_prone_annotations\2.38.0\error_prone_annotations-2.38.0.jar;C:\Users\aless\.m2\repository\io\grpc\grpc-stub\1.70.0\grpc-stub-1.70.0.jar;C:\Users\aless\.m2\repository\org\codehaus\mojo\animal-sniffer-annotations\1.24\animal-sniffer-annotations-1.24.jar;C:\Users\aless\.m2\repository\io\grpc\grpc-protobuf\1.70.0\grpc-protobuf-1.70.0.jar;C:\Users\aless\.m2\repository\io\grpc\grpc-protobuf-lite\1.70.0\grpc-protobuf-lite-1.70.0.jar;C:\Users\aless\.m2\repository\com\google\api\api-common\2.48.0\api-common-2.48.0.jar;C:\Users\aless\.m2\repository\com\google\auto\value\auto-value-annotations\1.11.0\auto-value-annotations-1.11.0.jar;C:\Users\aless\.m2\repository\javax\annotation\javax.annotation-api\1.3.2\javax.annotation-api-1.3.2.jar;C:\Users\aless\.m2\repository\com\google\j2objc\j2objc-annotations\3.0.0\j2objc-annotations-3.0.0.jar;C:\Users\aless\.m2\repository\com\google\protobuf\protobuf-java\3.25.5\protobuf-java-3.25.5.jar;C:\Users\aless\.m2\repository\com\google\api\grpc\proto-google-common-protos\2.56.0\proto-google-common-protos-2.56.0.jar;C:\Users\aless\.m2\repository\com\google\api\grpc\proto-google-cloud-language-v2\2.63.0\proto-google-cloud-language-v2-2.63.0.jar;C:\Users\aless\.m2\repository\com\google\api\grpc\proto-google-iam-v1\1.51.0\proto-google-iam-v1-1.51.0.jar;C:\Users\aless\.m2\repository\com\google\api\grpc\proto-google-cloud-language-v1\2.63.0\proto-google-cloud-language-v1-2.63.0.jar;C:\Users\aless\.m2\repository\com\google\api\grpc\proto-google-cloud-language-v1beta2\0.150.0\proto-google-cloud-language-v1beta2-0.150.0.jar;C:\Users\aless\.m2\repository\com\google\guava\guava\33.4.0-jre\guava-33.4.0-jre.jar;C:\Users\aless\.m2\repository\com\google\guava\failureaccess\1.0.2\failureaccess-1.0.2.jar;C:\Users\aless\.m2\repository\com\google\guava\listenablefuture\9999.0-empty-to-avoid-conflict-with-guava\listenablefuture-9999.0-empty-to-avoid-conflict-with-guava.jar;C:\Users\aless\.m2\repository\org\checkerframework\checker-qual\3.49.0\checker-qual-3.49.0.jar;C:\Users\aless\.m2\repository\com\google\api\gax\2.65.0\gax-2.65.0.jar;C:\Users\aless\.m2\repository\com\google\auth\google-auth-library-credentials\1.34.0\google-auth-library-credentials-1.34.0.jar;C:\Users\aless\.m2\repository\com\google\protobuf\protobuf-java-util\3.25.5\protobuf-java-util-3.25.5.jar;C:\Users\aless\.m2\repository\io\opencensus\opencensus-api\0.31.1\opencensus-api-0.31.1.jar;C:\Users\aless\.m2\repository\io\grpc\grpc-context\1.70.0\grpc-context-1.70.0.jar;C:\Users\aless\.m2\repository\com\google\auth\google-auth-library-oauth2-http\1.34.0\google-auth-library-oauth2-http-1.34.0.jar;C:\Users\aless\.m2\repository\com\google\api\gax-grpc\2.65.0\gax-grpc-2.65.0.jar;C:\Users\aless\.m2\repository\io\grpc\grpc-inprocess\1.70.0\grpc-inprocess-1.70.0.jar;C:\Users\aless\.m2\repository\io\grpc\grpc-core\1.70.0\grpc-core-1.70.0.jar;C:\Users\aless\.m2\repository\com\google\android\annotations\4.1.1.4\annotations-4.1.1.4.jar;C:\Users\aless\.m2\repository\io\grpc\grpc-alts\1.70.0\grpc-alts-1.70.0.jar;C:\Users\aless\.m2\repository\io\grpc\grpc-grpclb\1.70.0\grpc-grpclb-1.70.0.jar;C:\Users\aless\.m2\repository\org\conscrypt\conscrypt-openjdk-uber\2.5.2\conscrypt-openjdk-uber-2.5.2.jar;C:\Users\aless\.m2\repository\io\grpc\grpc-auth\1.70.0\grpc-auth-1.70.0.jar;C:\Users\aless\.m2\repository\io\grpc\grpc-netty-shaded\1.70.0\grpc-netty-shaded-1.70.0.jar;C:\Users\aless\.m2\repository\io\grpc\grpc-util\1.70.0\grpc-util-1.70.0.jar;C:\Users\aless\.m2\repository\io\perfmark\perfmark-api\0.27.0\perfmark-api-0.27.0.jar;C:\Users\aless\.m2\repository\io\grpc\grpc-googleapis\1.70.0\grpc-googleapis-1.70.0.jar;C:\Users\aless\.m2\repository\io\grpc\grpc-xds\1.70.0\grpc-xds-1.70.0.jar;C:\Users\aless\.m2\repository\io\grpc\grpc-services\1.70.0\grpc-services-1.70.0.jar;C:\Users\aless\.m2\repository\com\google\re2j\re2j\1.7\re2j-1.7.jar;C:\Users\aless\.m2\repository\com\google\api\gax-httpjson\2.65.0\gax-httpjson-2.65.0.jar;C:\Users\aless\.m2\repository\com\google\code\gson\gson\2.12.1\gson-2.12.1.jar;C:\Users\aless\.m2\repository\com\google\http-client\google-http-client\1.46.3\google-http-client-1.46.3.jar;C:\Users\aless\.m2\repository\org\apache\httpcomponents\httpclient\4.5.14\httpclient-4.5.14.jar;C:\Users\aless\.m2\repository\commons-codec\commons-codec\1.18.0\commons-codec-1.18.0.jar;C:\Users\aless\.m2\repository\org\apache\httpcomponents\httpcore\4.4.16\httpcore-4.4.16.jar;C:\Users\aless\.m2\repository\io\opencensus\opencensus-contrib-http-util\0.31.1\opencensus-contrib-http-util-0.31.1.jar;C:\Users\aless\.m2\repository\com\google\http-client\google-http-client-gson\1.46.3\google-http-client-gson-1.46.3.jar;C:\Users\aless\.m2\repository\org\threeten\threetenbp\1.7.0\threetenbp-1.7.0.jar;C:\Users\aless\.m2\repository\org\junit\jupiter\junit-jupiter\5.9.3\junit-jupiter-5.9.3.jar;C:\Users\aless\.m2\repository\org\junit\jupiter\junit-jupiter-api\5.9.3\junit-jupiter-api-5.9.3.jar;C:\Users\aless\.m2\repository\org\opentest4j\opentest4j\1.2.0\opentest4j-1.2.0.jar;C:\Users\aless\.m2\repository\org\junit\platform\junit-platform-commons\1.9.3\junit-platform-commons-1.9.3.jar;C:\Users\aless\.m2\repository\org\apiguardian\apiguardian-api\1.1.2\apiguardian-api-1.1.2.jar;C:\Users\aless\.m2\repository\org\junit\jupiter\junit-jupiter-params\5.9.3\junit-jupiter-params-5.9.3.jar;C:\Users\aless\.m2\repository\org\junit\jupiter\junit-jupiter-engine\5.9.3\junit-jupiter-engine-5.9.3.jar;C:\Users\aless\.m2\repository\org\junit\platform\junit-platform-engine\1.9.3\junit-platform-engine-1.9.3.jar;"/>
    <property name="java.vm.vendor" value="Oracle Corporation"/>
    <property name="sun.arch.data.model" value="64"/>
    <property name="user.variant" value=""/>
    <property name="java.vendor.url" value="https://java.oracle.com/"/>
    <property name="user.timezone" value="Europe/Rome"/>
    <property name="os.name" value="Windows 11"/>
    <property name="java.vm.specification.version" value="21"/>
    <property name="user.country" value="IT"/>
    <property name="sun.java.launcher" value="SUN_STANDARD"/>
    <property name="sun.boot.library.path" value="C:\Program Files\Java\jdk-21\bin"/>
    <property name="sun.java.command" value="C:\Users\aless\AppData\Local\Temp\surefire7260394728585450306\surefirebooter6265894267454306689.jar C:\Users\aless\AppData\Local\Temp\surefire7260394728585450306 2025-05-27T15-33-10_839-jvmRun1 surefire2468107263021598613tmp surefire_012205707486985697406tmp"/>
    <property name="jdk.debug" value="release"/>
    <property name="test" value="com.nonsense.ToxicityValidator.ToxicityValidatorTest"/>
    <property name="surefire.test.class.path" value="C:\Users\aless\OneDrive\Desktop\NonSenseGeneratorFinale\nonsense\target\test-classes;C:\Users\aless\OneDrive\Desktop\NonSenseGeneratorFinale\nonsense\target\classes;C:\Users\aless\.m2\repository\com\google\cloud\google-cloud-language\2.63.0\google-cloud-language-2.63.0.jar;C:\Users\aless\.m2\repository\io\grpc\grpc-api\1.70.0\grpc-api-1.70.0.jar;C:\Users\aless\.m2\repository\com\google\code\findbugs\jsr305\3.0.2\jsr305-3.0.2.jar;C:\Users\aless\.m2\repository\com\google\errorprone\error_prone_annotations\2.38.0\error_prone_annotations-2.38.0.jar;C:\Users\aless\.m2\repository\io\grpc\grpc-stub\1.70.0\grpc-stub-1.70.0.jar;C:\Users\aless\.m2\repository\org\codehaus\mojo\animal-sniffer-annotations\1.24\animal-sniffer-annotations-1.24.jar;C:\Users\aless\.m2\repository\io\grpc\grpc-protobuf\1.70.0\grpc-protobuf-1.70.0.jar;C:\Users\aless\.m2\repository\io\grpc\grpc-protobuf-lite\1.70.0\grpc-protobuf-lite-1.70.0.jar;C:\Users\aless\.m2\repository\com\google\api\api-common\2.48.0\api-common-2.48.0.jar;C:\Users\aless\.m2\repository\com\google\auto\value\auto-value-annotations\1.11.0\auto-value-annotations-1.11.0.jar;C:\Users\aless\.m2\repository\javax\annotation\javax.annotation-api\1.3.2\javax.annotation-api-1.3.2.jar;C:\Users\aless\.m2\repository\com\google\j2objc\j2objc-annotations\3.0.0\j2objc-annotations-3.0.0.jar;C:\Users\aless\.m2\repository\com\google\protobuf\protobuf-java\3.25.5\protobuf-java-3.25.5.jar;C:\Users\aless\.m2\repository\com\google\api\grpc\proto-google-common-protos\2.56.0\proto-google-common-protos-2.56.0.jar;C:\Users\aless\.m2\repository\com\google\api\grpc\proto-google-cloud-language-v2\2.63.0\proto-google-cloud-language-v2-2.63.0.jar;C:\Users\aless\.m2\repository\com\google\api\grpc\proto-google-iam-v1\1.51.0\proto-google-iam-v1-1.51.0.jar;C:\Users\aless\.m2\repository\com\google\api\grpc\proto-google-cloud-language-v1\2.63.0\proto-google-cloud-language-v1-2.63.0.jar;C:\Users\aless\.m2\repository\com\google\api\grpc\proto-google-cloud-language-v1beta2\0.150.0\proto-google-cloud-language-v1beta2-0.150.0.jar;C:\Users\aless\.m2\repository\com\google\guava\guava\33.4.0-jre\guava-33.4.0-jre.jar;C:\Users\aless\.m2\repository\com\google\guava\failureaccess\1.0.2\failureaccess-1.0.2.jar;C:\Users\aless\.m2\repository\com\google\guava\listenablefuture\9999.0-empty-to-avoid-conflict-with-guava\listenablefuture-9999.0-empty-to-avoid-conflict-with-guava.jar;C:\Users\aless\.m2\repository\org\checkerframework\checker-qual\3.49.0\checker-qual-3.49.0.jar;C:\Users\aless\.m2\repository\com\google\api\gax\2.65.0\gax-2.65.0.jar;C:\Users\aless\.m2\repository\com\google\auth\google-auth-library-credentials\1.34.0\google-auth-library-credentials-1.34.0.jar;C:\Users\aless\.m2\repository\com\google\protobuf\protobuf-java-util\3.25.5\protobuf-java-util-3.25.5.jar;C:\Users\aless\.m2\repository\io\opencensus\opencensus-api\0.31.1\opencensus-api-0.31.1.jar;C:\Users\aless\.m2\repository\io\grpc\grpc-context\1.70.0\grpc-context-1.70.0.jar;C:\Users\aless\.m2\repository\com\google\auth\google-auth-library-oauth2-http\1.34.0\google-auth-library-oauth2-http-1.34.0.jar;C:\Users\aless\.m2\repository\com\google\api\gax-grpc\2.65.0\gax-grpc-2.65.0.jar;C:\Users\aless\.m2\repository\io\grpc\grpc-inprocess\1.70.0\grpc-inprocess-1.70.0.jar;C:\Users\aless\.m2\repository\io\grpc\grpc-core\1.70.0\grpc-core-1.70.0.jar;C:\Users\aless\.m2\repository\com\google\android\annotations\4.1.1.4\annotations-4.1.1.4.jar;C:\Users\aless\.m2\repository\io\grpc\grpc-alts\1.70.0\grpc-alts-1.70.0.jar;C:\Users\aless\.m2\repository\io\grpc\grpc-grpclb\1.70.0\grpc-grpclb-1.70.0.jar;C:\Users\aless\.m2\repository\org\conscrypt\conscrypt-openjdk-uber\2.5.2\conscrypt-openjdk-uber-2.5.2.jar;C:\Users\aless\.m2\repository\io\grpc\grpc-auth\1.70.0\grpc-auth-1.70.0.jar;C:\Users\aless\.m2\repository\io\grpc\grpc-netty-shaded\1.70.0\grpc-netty-shaded-1.70.0.jar;C:\Users\aless\.m2\repository\io\grpc\grpc-util\1.70.0\grpc-util-1.70.0.jar;C:\Users\aless\.m2\repository\io\perfmark\perfmark-api\0.27.0\perfmark-api-0.27.0.jar;C:\Users\aless\.m2\repository\io\grpc\grpc-googleapis\1.70.0\grpc-googleapis-1.70.0.jar;C:\Users\aless\.m2\repository\io\grpc\grpc-xds\1.70.0\grpc-xds-1.70.0.jar;C:\Users\aless\.m2\repository\io\grpc\grpc-services\1.70.0\grpc-services-1.70.0.jar;C:\Users\aless\.m2\repository\com\google\re2j\re2j\1.7\re2j-1.7.jar;C:\Users\aless\.m2\repository\com\google\api\gax-httpjson\2.65.0\gax-httpjson-2.65.0.jar;C:\Users\aless\.m2\repository\com\google\code\gson\gson\2.12.1\gson-2.12.1.jar;C:\Users\aless\.m2\repository\com\google\http-client\google-http-client\1.46.3\google-http-client-1.46.3.jar;C:\Users\aless\.m2\repository\org\apache\httpcomponents\httpclient\4.5.14\httpclient-4.5.14.jar;C:\Users\aless\.m2\repository\commons-codec\commons-codec\1.18.0\commons-codec-1.18.0.jar;C:\Users\aless\.m2\repository\org\apache\httpcomponents\httpcore\4.4.16\httpcore-4.4.16.jar;C:\Users\aless\.m2\repository\io\opencensus\opencensus-contrib-http-util\0.31.1\opencensus-contrib-http-util-0.31.1.jar;C:\Users\aless\.m2\repository\com\google\http-client\google-http-client-gson\1.46.3\google-http-client-gson-1.46.3.jar;C:\Users\aless\.m2\repository\org\threeten\threetenbp\1.7.0\threetenbp-1.7.0.jar;C:\Users\aless\.m2\repository\org\junit\jupiter\junit-jupiter\5.9.3\junit-jupiter-5.9.3.jar;C:\Users\aless\.m2\repository\org\junit\jupiter\junit-jupiter-api\5.9.3\junit-jupiter-api-5.9.3.jar;C:\Users\aless\.m2\repository\org\opentest4j\opentest4j\1.2.0\opentest4j-1.2.0.jar;C:\Users\aless\.m2\repository\org\junit\platform\junit-platform-commons\1.9.3\junit-platform-commons-1.9.3.jar;C:\Users\aless\.m2\repository\org\apiguardian\apiguardian-api\1.1.2\apiguardian-api-1.1.2.jar;C:\Users\aless\.m2\repository\org\junit\jupiter\junit-jupiter-params\5.9.3\junit-jupiter-params-5.9.3.jar;C:\Users\aless\.m2\repository\org\junit\jupiter\junit-jupiter-engine\5.9.3\junit-jupiter-engine-5.9.3.jar;C:\Users\aless\.m2\repository\org\junit\platform\junit-platform-engine\1.9.3\junit-platform-engine-1.9.3.jar;"/>
    <property name="sun.cpu.endian" value="little"/>
    <property name="user.home" value="C:\Users\aless"/>
    <property name="user.language" value="it"/>
    <property name="java.specification.vendor" value="Oracle Corporation"/>
    <property name="java.version.date" value="2023-09-19"/>
    <property name="java.home" value="C:\Program Files\Java\jdk-21"/>
    <property name="file.separator" value="\"/>
    <property name="basedir" value="C:\Users\aless\OneDrive\Desktop\NonSenseGeneratorFinale\nonsense"/>
    <property name="java.vm.compressedOopsMode" value="Zero based"/>
    <property name="line.separator" value="&#10;"/>
    <property name="java.vm.specification.vendor" value="Oracle Corporation"/>
    <property name="java.specification.name" value="Java Platform API Specification"/>
    <property name="surefire.real.class.path" value="C:\Users\aless\AppData\Local\Temp\surefire7260394728585450306\surefirebooter6265894267454306689.jar"/>
    <property name="user.script" value=""/>
    <property name="sun.management.compiler" value="HotSpot 64-Bit Tiered Compilers"/>
    <property name="java.runtime.version" value="21+35-LTS-2513"/>
    <property name="user.name" value="aless"/>
    <property name="stdout.encoding" value="Cp1252"/>
    <property name="path.separator" value=";"/>
    <property name="GOOGLE_APPLICATION_CREDENTIALS" value="C:/Users/saret/Desktop/nonsensegenerator/nonsense/credentials/project-edids.json"/>
    <property name="os.version" value="10.0"/>
    <property name="java.runtime.name" value="Java(TM) SE Runtime Environment"/>
    <property name="file.encoding" value="UTF-8"/>
    <property name="java.vm.name" value="Java HotSpot(TM) 64-Bit Server VM"/>
    <property name="maven.ext.class.path" value="C:\Users\aless\.vscode\extensions\oracle.oracle-java-24.0.0\nbcode\java\maven-nblib\netbeans-eventspy.jar"/>
    <property name="localRepository" value="C:\Users\aless\.m2\repository"/>
    <property name="java.vendor.url.bug" value="https://bugreport.java.com/bugreport/"/>
    <property name="java.io.tmpdir" value="C:\Users\aless\AppData\Local\Temp\"/>
    <property name="java.version" value="21"/>
    <property name="user.dir" value="C:\Users\aless\OneDrive\Desktop\NonSenseGeneratorFinale\nonsense"/>
    <property name="os.arch" value="amd64"/>
    <property name="java.vm.specification.name" value="Java Virtual Machine Specification"/>
    <property name="sun.os.patch.level" value=""/>
    <property name="native.encoding" value="Cp1252"/>
    <property name="java.library.path" value="C:\Program Files\Java\jdk-21\bin;C:\WINDOWS\Sun\Java\bin;C:\WINDOWS\system32;C:\WINDOWS;C:\Windows\system32;C:\Windows;C:\Windows\System32\Wbem;C:\Windows\System32\WindowsPowerShell\v1.0\;C:\Windows\System32\OpenSSH\;C:\Program Files (x86)\NVIDIA Corporation\PhysX\Common;C:\WINDOWS\system32;C:\WINDOWS;C:\WINDOWS\System32\Wbem;C:\Program Files\Java\jdk-21;C:\Program Files\CMake\bin;C:\Program Files (x86)\MINI-REFPROP;C:\Program Files\NVIDIA Corporation\NVIDIA app\NvDLISR;C:\Program Files\dotnet\;C:\Program Files\MATLAB\R2024b\bin;C:\WINDOWS\System32\WindowsPowerShell\v1.0\;C:\WINDOWS\System32\OpenSSH\;C:\Program Files\Java\jdk-21\bin;C:\Users\aless\AppData\Local\Microsoft\WindowsApps;;C:\Users\aless\AppData\Local\Programs\Microsoft VS Code\bin;."/>
    <property name="java.vm.info" value="mixed mode, sharing"/>
    <property name="stderr.encoding" value="Cp1252"/>
    <property name="java.vendor" value="Oracle Corporation"/>
    <property name="java.vm.version" value="21+35-LTS-2513"/>
    <property name="sun.io.unicode.encoding" value="UnicodeLittle"/>
    <property name="java.class.version" value="65.0"/>
  </properties>
  <testcase name="testGetToxicityScore_withNonToxicText" classname="com.nonsense.ToxicityValidator.ToxicityValidatorTest" time="1.802">
    <system-out><![CDATA[Toxicity score (non-toxic): 0.05388471111655235
]]></system-out>
  </testcase>
  <testcase name="testGetToxicityScore_withEmptyText" classname="com.nonsense.ToxicityValidator.ToxicityValidatorTest" time="1.17"/>
  <testcase name="testGetToxicityScore_withToxicText" classname="com.nonsense.ToxicityValidator.ToxicityValidatorTest" time="0.979">
    <system-out><![CDATA[Toxicity score (toxic): 0.9458426833152771
]]></system-out>
  </testcase>
</testsuite>